<?xml version="1.0" encoding="UTF-8"?>
<!-- Generated by org.testng.reporters.JUnitReportReporter -->
<testsuite hostname="Dhananjays-MacBook-Pro.local" failures="0" tests="1" name="TestLayer.RegisterPageTest" time="1.039" errors="0" timestamp="2024-01-13T18:24:34 IST" skipped="0">
  <testcase classname="TestLayer.RegisterPageTest" name="validateRegistrationpage" time="1.039"/>
  <system-out/>
</testsuite> <!-- TestLayer.RegisterPageTest -->
